# JRE version: Java(TM) SE Runtime Environment (17.0.2+8) (build 17.0.2+8-LTS-86)
# Java VM: Java HotSpot(TM) 64-Bit Server VM (17.0.2+8-LTS-86, mixed mode, sharing, tiered, compressed oops, compressed class ptrs, g1 gc, windows-amd64)
GC Precious Log:
 CPUs: 4 total, 4 available
 Memory: 8047M
 Large Page Support: Disabled
 NUMA Support: Disabled
 Compressed Oops: Enabled (32-bit)
 Heap Region Size: 1M
 Heap Min Capacity: 8M
 Heap Initial Capacity: 126M
 Heap Max Capacity: 2012M
 Pre-touch: Disabled
 Parallel Workers: 4
 Concurrent Workers: 1
 Concurrent Refinement Workers: 4
 Periodic GC: Disabled
Heap:
 garbage-first heap   total 51200K, used 35946K [0x0000000082400000, 0x0000000100000000)
  region size 1024K, 14 young (14336K), 3 survivors (3072K)
 Metaspace       used 56361K, committed 56704K, reserved 1097728K
  class space    used 7659K, committed 7808K, reserved 1048576K
GC Heap History (20 events):
Event: 11.602 GC heap before
{Heap before GC invocations=5 (full 0):
 garbage-first heap   total 51200K, used 39354K [0x0000000082400000, 0x0000000100000000)
  region size 1024K, 33 young (33792K), 6 survivors (6144K)
 Metaspace       used 25945K, committed 26240K, reserved 1073152K
  class space    used 3410K, committed 3584K, reserved 1048576K
}
Event: 11.617 GC heap after
{Heap after GC invocations=6 (full 0):
 garbage-first heap   total 51200K, used 15303K [0x0000000082400000, 0x0000000100000000)
  region size 1024K, 8 young (8192K), 8 survivors (8192K)
 Metaspace       used 25945K, committed 26240K, reserved 1073152K
  class space    used 3410K, committed 3584K, reserved 1048576K
}
Event: 12.674 GC heap before
{Heap before GC invocations=6 (full 0):
 garbage-first heap   total 51200K, used 33735K [0x0000000082400000, 0x0000000100000000)
  region size 1024K, 27 young (27648K), 8 survivors (8192K)
 Metaspace       used 29603K, committed 29888K, reserved 1081344K
  class space    used 3829K, committed 3968K, reserved 1048576K
}
Event: 12.688 GC heap after
{Heap after GC invocations=7 (full 0):
 garbage-first heap   total 51200K, used 17261K [0x0000000082400000, 0x0000000100000000)
  region size 1024K, 3 young (3072K), 3 survivors (3072K)
 Metaspace       used 29603K, committed 29888K, reserved 1081344K
  class space    used 3829K, committed 3968K, reserved 1048576K
}
Event: 13.889 GC heap before
{Heap before GC invocations=7 (full 0):
 garbage-first heap   total 51200K, used 34669K [0x0000000082400000, 0x0000000100000000)
  region size 1024K, 21 young (21504K), 3 survivors (3072K)
 Metaspace       used 33321K, committed 33600K, reserved 1081344K
  class space    used 4393K, committed 4544K, reserved 1048576K
}
Event: 13.896 GC heap after
{Heap after GC invocations=8 (full 0):
 garbage-first heap   total 51200K, used 18428K [0x0000000082400000, 0x0000000100000000)
  region size 1024K, 2 young (2048K), 2 survivors (2048K)
 Metaspace       used 33321K, committed 33600K, reserved 1081344K
  class space    used 4393K, committed 4544K, reserved 1048576K
}
Event: 14.537 GC heap before
{Heap before GC invocations=8 (full 0):
 garbage-first heap   total 51200K, used 25596K [0x0000000082400000, 0x0000000100000000)
  region size 1024K, 10 young (10240K), 2 survivors (2048K)
 Metaspace       used 35709K, committed 35968K, reserved 1081344K
  class space    used 4805K, committed 4928K, reserved 1048576K
}
Event: 14.543 GC heap after
{Heap after GC invocations=9 (full 0):
 garbage-first heap   total 51200K, used 18820K [0x0000000082400000, 0x0000000100000000)
  region size 1024K, 2 young (2048K), 2 survivors (2048K)
 Metaspace       used 35709K, committed 35968K, reserved 1081344K
  class space    used 4805K, committed 4928K, reserved 1048576K
}
Event: 15.966 GC heap before
{Heap before GC invocations=10 (full 0):
 garbage-first heap   total 51200K, used 37252K [0x0000000082400000, 0x0000000100000000)
  region size 1024K, 21 young (21504K), 2 survivors (2048K)
 Metaspace       used 41211K, committed 41536K, reserved 1089536K
  class space    used 5493K, committed 5632K, reserved 1048576K
}
Event: 15.974 GC heap after
{Heap after GC invocations=11 (full 0):
 garbage-first heap   total 51200K, used 20848K [0x0000000082400000, 0x0000000100000000)
  region size 1024K, 3 young (3072K), 3 survivors (3072K)
 Metaspace       used 41211K, committed 41536K, reserved 1089536K
  class space    used 5493K, committed 5632K, reserved 1048576K
}
Event: 16.842 GC heap before
{Heap before GC invocations=12 (full 0):
 garbage-first heap   total 51200K, used 37232K [0x0000000082400000, 0x0000000100000000)
  region size 1024K, 20 young (20480K), 3 survivors (3072K)
 Metaspace       used 45230K, committed 45632K, reserved 1089536K
  class space    used 6150K, committed 6336K, reserved 1048576K
}
Event: 16.848 GC heap after
{Heap after GC invocations=13 (full 0):
 garbage-first heap   total 51200K, used 21824K [0x0000000082400000, 0x0000000100000000)
  region size 1024K, 1 young (1024K), 1 survivors (1024K)
 Metaspace       used 45230K, committed 45632K, reserved 1089536K
  class space    used 6150K, committed 6336K, reserved 1048576K
}
Event: 20.208 GC heap before
{Heap before GC invocations=13 (full 0):
 garbage-first heap   total 51200K, used 39232K [0x0000000082400000, 0x0000000100000000)
  region size 1024K, 18 young (18432K), 1 survivors (1024K)
 Metaspace       used 49328K, committed 49664K, reserved 1097728K
  class space    used 6672K, committed 6848K, reserved 1048576K
}
Event: 20.218 GC heap after
{Heap after GC invocations=14 (full 0):
 garbage-first heap   total 51200K, used 22953K [0x0000000082400000, 0x0000000100000000)
  region size 1024K, 3 young (3072K), 3 survivors (3072K)
 Metaspace       used 49328K, committed 49664K, reserved 1097728K
  class space    used 6672K, committed 6848K, reserved 1048576K
}
Event: 20.750 GC heap before
{Heap before GC invocations=14 (full 0):
 garbage-first heap   total 51200K, used 38313K [0x0000000082400000, 0x0000000100000000)
  region size 1024K, 18 young (18432K), 3 survivors (3072K)
 Metaspace       used 51066K, committed 51392K, reserved 1097728K
  class space    used 6945K, committed 7104K, reserved 1048576K
}
Event: 20.755 GC heap after
{Heap after GC invocations=15 (full 0):
 garbage-first heap   total 51200K, used 23965K [0x0000000082400000, 0x0000000100000000)
  region size 1024K, 3 young (3072K), 3 survivors (3072K)
 Metaspace       used 51066K, committed 51392K, reserved 1097728K
  class space    used 6945K, committed 7104K, reserved 1048576K
}
Event: 21.371 GC heap before
{Heap before GC invocations=15 (full 0):
 garbage-first heap   total 51200K, used 39325K [0x0000000082400000, 0x0000000100000000)
  region size 1024K, 18 young (18432K), 3 survivors (3072K)
 Metaspace       used 52145K, committed 52544K, reserved 1097728K
  class space    used 7103K, committed 7296K, reserved 1048576K
}
Event: 21.377 GC heap after
{Heap after GC invocations=16 (full 0):
 garbage-first heap   total 51200K, used 25173K [0x0000000082400000, 0x0000000100000000)
  region size 1024K, 3 young (3072K), 3 survivors (3072K)
 Metaspace       used 52145K, committed 52544K, reserved 1097728K
  class space    used 7103K, committed 7296K, reserved 1048576K
}
Event: 21.939 GC heap before
{Heap before GC invocations=16 (full 0):
 garbage-first heap   total 51200K, used 39509K [0x0000000082400000, 0x0000000100000000)
  region size 1024K, 17 young (17408K), 3 survivors (3072K)
 Metaspace       used 53962K, committed 54400K, reserved 1097728K
  class space    used 7349K, committed 7552K, reserved 1048576K
}
Event: 21.949 GC heap after
{Heap after GC invocations=17 (full 0):
 garbage-first heap   total 51200K, used 26730K [0x0000000082400000, 0x0000000100000000)
  region size 1024K, 3 young (3072K), 3 survivors (3072K)
 Metaspace       used 53962K, committed 54400K, reserved 1097728K
  class space    used 7349K, committed 7552K, reserved 1048576K
}

